[0214/215924.574:ERROR:process_reader_win.cc(123)] NtOpenThread: {拒絕存取} 程序已請求存取一物件，但未被授與存取權。 (0xc0000022)
[0214/215924.574:ERROR:exception_snapshot_win.cc(98)] thread ID 13160 not found in process
[0214/215924.630:ERROR:process_reader_win.cc(123)] NtOpenThread: {拒絕存取} 程序已請求存取一物件，但未被授與存取權。 (0xc0000022)
[0214/215924.634:ERROR:exception_snapshot_win.cc(98)] thread ID 3552 not found in process
[0215/002928.002:ERROR:process_reader_win.cc(123)] NtOpenThread: {拒絕存取} 程序已請求存取一物件，但未被授與存取權。 (0xc0000022)
[0215/002928.019:ERROR:exception_snapshot_win.cc(98)] thread ID 5736 not found in process
[0215/002928.158:ERROR:process_reader_win.cc(151)] SuspendThread: 存取被拒。 (0x5)
[0215/002928.166:ERROR:process_reader_win.cc(151)] SuspendThread: 存取被拒。 (0x5)
[0215/002928.166:ERROR:process_reader_win.cc(123)] NtOpenThread: {拒絕存取} 程序已請求存取一物件，但未被授與存取權。 (0xc0000022)
[0215/002928.166:ERROR:exception_snapshot_win.cc(98)] thread ID 424 not found in process
[0215/205427.418:ERROR:process_reader_win.cc(123)] NtOpenThread: {拒絕存取} 程序已請求存取一物件，但未被授與存取權。 (0xc0000022)
[0215/205427.420:ERROR:exception_snapshot_win.cc(98)] thread ID 14136 not found in process
[0215/205427.454:ERROR:process_reader_win.cc(151)] SuspendThread: 存取被拒。 (0x5)
[0215/205427.455:ERROR:process_reader_win.cc(151)] SuspendThread: 存取被拒。 (0x5)
[0215/205427.455:ERROR:process_reader_win.cc(123)] NtOpenThread: {拒絕存取} 程序已請求存取一物件，但未被授與存取權。 (0xc0000022)
[0215/205427.455:ERROR:exception_snapshot_win.cc(98)] thread ID 13692 not found in process
[0215/205427.515:ERROR:process_reader_win.cc(151)] SuspendThread: 存取被拒。 (0x5)
[0215/205427.515:ERROR:process_reader_win.cc(151)] SuspendThread: 存取被拒。 (0x5)
[0215/205427.515:ERROR:process_reader_win.cc(151)] SuspendThread: 存取被拒。 (0x5)
[0215/205427.515:ERROR:process_reader_win.cc(151)] SuspendThread: 存取被拒。 (0x5)
[0215/205427.515:ERROR:process_reader_win.cc(151)] SuspendThread: 存取被拒。 (0x5)
[0215/205427.515:ERROR:process_reader_win.cc(151)] SuspendThread: 存取被拒。 (0x5)
[0215/205427.515:ERROR:process_reader_win.cc(151)] SuspendThread: 存取被拒。 (0x5)
[0215/205427.515:ERROR:process_reader_win.cc(151)] SuspendThread: 存取被拒。 (0x5)
[0215/205427.515:ERROR:process_reader_win.cc(151)] SuspendThread: 存取被拒。 (0x5)
[0215/205427.516:ERROR:process_reader_win.cc(151)] SuspendThread: 存取被拒。 (0x5)
[0215/205427.516:ERROR:process_reader_win.cc(151)] SuspendThread: 存取被拒。 (0x5)
[0215/205427.516:ERROR:process_reader_win.cc(151)] SuspendThread: 存取被拒。 (0x5)
[0215/205427.516:ERROR:process_reader_win.cc(151)] SuspendThread: 存取被拒。 (0x5)
[0215/205427.516:ERROR:process_reader_win.cc(151)] SuspendThread: 存取被拒。 (0x5)
[0215/205427.516:ERROR:process_reader_win.cc(151)] SuspendThread: 存取被拒。 (0x5)
[0215/205427.516:ERROR:process_reader_win.cc(151)] SuspendThread: 存取被拒。 (0x5)
[0215/205427.516:ERROR:process_reader_win.cc(151)] SuspendThread: 存取被拒。 (0x5)
[0215/205427.516:ERROR:process_reader_win.cc(151)] SuspendThread: 存取被拒。 (0x5)
[0215/205427.516:ERROR:process_reader_win.cc(151)] SuspendThread: 存取被拒。 (0x5)
[0215/205427.516:ERROR:process_reader_win.cc(151)] SuspendThread: 存取被拒。 (0x5)
[0215/205427.516:ERROR:process_reader_win.cc(151)] SuspendThread: 存取被拒。 (0x5)
[0215/205427.516:ERROR:process_reader_win.cc(151)] SuspendThread: 存取被拒。 (0x5)
[0215/205427.516:ERROR:process_reader_win.cc(151)] SuspendThread: 存取被拒。 (0x5)
[0215/205427.516:ERROR:process_reader_win.cc(151)] SuspendThread: 存取被拒。 (0x5)
[0215/205427.516:ERROR:process_reader_win.cc(151)] SuspendThread: 存取被拒。 (0x5)
[0215/205427.516:ERROR:process_reader_win.cc(151)] SuspendThread: 存取被拒。 (0x5)
[0215/205427.516:ERROR:process_reader_win.cc(151)] SuspendThread: 存取被拒。 (0x5)
[0215/205427.517:ERROR:process_reader_win.cc(151)] SuspendThread: 存取被拒。 (0x5)
[0215/205427.517:ERROR:process_reader_win.cc(151)] SuspendThread: 存取被拒。 (0x5)
[0215/205427.517:ERROR:process_reader_win.cc(151)] SuspendThread: 存取被拒。 (0x5)
[0215/205427.517:ERROR:process_reader_win.cc(151)] SuspendThread: 存取被拒。 (0x5)
[0215/205427.517:ERROR:process_reader_win.cc(151)] SuspendThread: 存取被拒。 (0x5)
[0215/205427.517:ERROR:process_reader_win.cc(151)] SuspendThread: 存取被拒。 (0x5)
[0215/205427.517:ERROR:process_reader_win.cc(151)] SuspendThread: 存取被拒。 (0x5)
[0215/205427.517:ERROR:process_reader_win.cc(151)] SuspendThread: 存取被拒。 (0x5)
[0215/205427.517:ERROR:process_reader_win.cc(151)] SuspendThread: 存取被拒。 (0x5)
[0215/205427.517:ERROR:process_reader_win.cc(123)] NtOpenThread: {拒絕存取} 程序已請求存取一物件，但未被授與存取權。 (0xc0000022)
[0215/205427.517:ERROR:exception_snapshot_win.cc(98)] thread ID 11940 not found in process
[0215/205634.470:ERROR:process_reader_win.cc(123)] NtOpenThread: {拒絕存取} 程序已請求存取一物件，但未被授與存取權。 (0xc0000022)
[0215/205634.473:ERROR:exception_snapshot_win.cc(98)] thread ID 7728 not found in process
[0215/205634.514:ERROR:process_reader_win.cc(123)] NtOpenThread: {拒絕存取} 程序已請求存取一物件，但未被授與存取權。 (0xc0000022)
[0215/205634.515:ERROR:exception_snapshot_win.cc(98)] thread ID 8020 not found in process
[0215/220116.566:ERROR:process_reader_win.cc(123)] NtOpenThread: {拒絕存取} 程序已請求存取一物件，但未被授與存取權。 (0xc0000022)
[0215/220116.568:ERROR:exception_snapshot_win.cc(98)] thread ID 2588 not found in process
[0215/220116.578:ERROR:process_reader_win.cc(123)] NtOpenThread: {拒絕存取} 程序已請求存取一物件，但未被授與存取權。 (0xc0000022)
[0215/220116.578:ERROR:exception_snapshot_win.cc(98)] thread ID 11520 not found in process
[0215/220116.592:ERROR:process_reader_win.cc(123)] NtOpenThread: {拒絕存取} 程序已請求存取一物件，但未被授與存取權。 (0xc0000022)
[0215/220116.592:ERROR:exception_snapshot_win.cc(98)] thread ID 6488 not found in process
[0215/220645.661:ERROR:process_reader_win.cc(151)] SuspendThread: 存取被拒。 (0x5)
[0215/220645.661:ERROR:process_reader_win.cc(151)] SuspendThread: 存取被拒。 (0x5)
[0215/220645.663:ERROR:process_reader_win.cc(151)] SuspendThread: 存取被拒。 (0x5)
[0215/220645.663:ERROR:process_reader_win.cc(123)] NtOpenThread: {拒絕存取} 程序已請求存取一物件，但未被授與存取權。 (0xc0000022)
[0215/220645.663:ERROR:exception_snapshot_win.cc(98)] thread ID 12268 not found in process
[0215/220645.663:ERROR:process_reader_win.cc(123)] NtOpenThread: {拒絕存取} 程序已請求存取一物件，但未被授與存取權。 (0xc0000022)
[0215/220645.663:ERROR:exception_snapshot_win.cc(98)] thread ID 11396 not found in process
[0215/220645.678:ERROR:process_reader_win.cc(123)] NtOpenThread: {拒絕存取} 程序已請求存取一物件，但未被授與存取權。 (0xc0000022)
[0215/220645.678:ERROR:exception_snapshot_win.cc(98)] thread ID 8500 not found in process
[0215/220645.689:ERROR:process_reader_win.cc(123)] NtOpenThread: {拒絕存取} 程序已請求存取一物件，但未被授與存取權。 (0xc0000022)
[0215/220645.689:ERROR:process_reader_win.cc(123)] NtOpenThread: {拒絕存取} 程序已請求存取一物件，但未被授與存取權。 (0xc0000022)
[0215/220645.689:ERROR:exception_snapshot_win.cc(98)] thread ID 12424 not found in process
[0215/220645.689:ERROR:exception_snapshot_win.cc(98)] thread ID 12216 not found in process
[0215/230252.248:ERROR:process_reader_win.cc(123)] NtOpenThread: {拒絕存取} 程序已請求存取一物件，但未被授與存取權。 (0xc0000022)
[0215/230252.249:ERROR:exception_snapshot_win.cc(98)] thread ID 15984 not found in process
[0215/230545.809:ERROR:process_reader_win.cc(151)] SuspendThread: 存取被拒。 (0x5)
[0215/230545.821:ERROR:process_reader_win.cc(151)] SuspendThread: 存取被拒。 (0x5)
[0215/230545.821:ERROR:process_reader_win.cc(151)] SuspendThread: 存取被拒。 (0x5)
[0215/230545.821:ERROR:process_reader_win.cc(151)] SuspendThread: 存取被拒。 (0x5)
[0215/230545.821:ERROR:process_reader_win.cc(151)] SuspendThread: 存取被拒。 (0x5)
[0215/230545.821:ERROR:process_reader_win.cc(151)] SuspendThread: 存取被拒。 (0x5)
[0215/230545.821:ERROR:process_reader_win.cc(151)] SuspendThread: 存取被拒。 (0x5)
[0215/230545.821:ERROR:process_reader_win.cc(151)] SuspendThread: 存取被拒。 (0x5)
[0215/230545.821:ERROR:process_reader_win.cc(151)] SuspendThread: 存取被拒。 (0x5)
[0215/230545.822:ERROR:process_reader_win.cc(151)] SuspendThread: 存取被拒。 (0x5)
[0215/230545.822:ERROR:process_reader_win.cc(151)] SuspendThread: 存取被拒。 (0x5)
[0215/230545.822:ERROR:process_reader_win.cc(151)] SuspendThread: 存取被拒。 (0x5)
[0215/230545.822:ERROR:process_reader_win.cc(151)] SuspendThread: 存取被拒。 (0x5)
[0215/230545.810:ERROR:process_reader_win.cc(151)] SuspendThread: 存取被拒。 (0x5)
[0215/230545.822:ERROR:process_reader_win.cc(151)] SuspendThread: 存取被拒。 (0x5)
[0215/230545.822:ERROR:process_reader_win.cc(151)] SuspendThread: 存取被拒。 (0x5)
[0215/230545.822:ERROR:process_reader_win.cc(151)] SuspendThread: 存取被拒。 (0x5)
[0215/230545.822:ERROR:process_reader_win.cc(151)] SuspendThread: 存取被拒。 (0x5)
[0215/230545.814:ERROR:process_reader_win.cc(151)] SuspendThread: 存取被拒。 (0x5)
[0215/230545.822:ERROR:process_reader_win.cc(151)] SuspendThread: 存取被拒。 (0x5)
[0215/230545.822:ERROR:process_reader_win.cc(151)] SuspendThread: 存取被拒。 (0x5)
[0215/230545.822:ERROR:process_reader_win.cc(151)] SuspendThread: 存取被拒。 (0x5)
[0215/230545.822:ERROR:process_reader_win.cc(151)] SuspendThread: 存取被拒。 (0x5)
[0215/230545.822:ERROR:process_reader_win.cc(151)] SuspendThread: 存取被拒。 (0x5)
[0215/230545.822:ERROR:process_reader_win.cc(151)] SuspendThread: 存取被拒。 (0x5)
[0215/230545.822:ERROR:process_reader_win.cc(151)] SuspendThread: 存取被拒。 (0x5)
[0215/230545.822:ERROR:process_reader_win.cc(151)] SuspendThread: 存取被拒。 (0x5)
[0215/230545.822:ERROR:process_reader_win.cc(151)] SuspendThread: 存取被拒。 (0x5)
[0215/230545.822:ERROR:process_reader_win.cc(151)] SuspendThread: 存取被拒。 (0x5)
[0215/230545.822:ERROR:process_reader_win.cc(151)] SuspendThread: 存取被拒。 (0x5)
[0215/230545.822:ERROR:process_reader_win.cc(151)] SuspendThread: 存取被拒。 (0x5)
[0215/230545.822:ERROR:process_reader_win.cc(151)] SuspendThread: 存取被拒。 (0x5)
[0215/230545.822:ERROR:process_reader_win.cc(151)] SuspendThread: 存取被拒。 (0x5)
[0215/230545.822:ERROR:process_reader_win.cc(151)] SuspendThread: 存取被拒。 (0x5)
[0215/230545.822:ERROR:process_reader_win.cc(151)] SuspendThread: 存取被拒。 (0x5)
[0215/230545.822:ERROR:process_reader_win.cc(151)] SuspendThread: 存取被拒。 (0x5)
[0215/230545.823:ERROR:process_reader_win.cc(151)] SuspendThread: 存取被拒。 (0x5)
[0215/230545.823:ERROR:process_reader_win.cc(151)] SuspendThread: 存取被拒。 (0x5)
[0215/230545.823:ERROR:process_reader_win.cc(151)] SuspendThread: 存取被拒。 (0x5)
[0215/230545.823:ERROR:process_reader_win.cc(151)] SuspendThread: 存取被拒。 (0x5)
[0215/230545.823:ERROR:process_reader_win.cc(151)] SuspendThread: 存取被拒。 (0x5)
[0215/230545.823:ERROR:process_reader_win.cc(151)] SuspendThread: 存取被拒。 (0x5)
[0215/230545.823:ERROR:process_reader_win.cc(151)] SuspendThread: 存取被拒。 (0x5)
[0215/230545.823:ERROR:process_reader_win.cc(151)] SuspendThread: 存取被拒。 (0x5)
[0215/230545.823:ERROR:process_reader_win.cc(151)] SuspendThread: 存取被拒。 (0x5)
[0215/230545.823:ERROR:process_reader_win.cc(151)] SuspendThread: 存取被拒。 (0x5)
[0215/230545.823:ERROR:process_reader_win.cc(151)] SuspendThread: 存取被拒。 (0x5)
[0215/230545.823:ERROR:process_reader_win.cc(151)] SuspendThread: 存取被拒。 (0x5)
[0215/230545.823:ERROR:process_reader_win.cc(151)] SuspendThread: 存取被拒。 (0x5)
[0215/230545.823:ERROR:process_reader_win.cc(151)] SuspendThread: 存取被拒。 (0x5)
[0215/230545.823:ERROR:process_reader_win.cc(151)] SuspendThread: 存取被拒。 (0x5)
[0215/230545.822:ERROR:process_reader_win.cc(151)] SuspendThread: 存取被拒。 (0x5)
[0215/230545.823:ERROR:process_reader_win.cc(151)] SuspendThread: 存取被拒。 (0x5)
[0215/230545.823:ERROR:process_reader_win.cc(151)] SuspendThread: 存取被拒。 (0x5)
[0215/230545.823:ERROR:process_reader_win.cc(151)] SuspendThread: 存取被拒。 (0x5)
[0215/230545.823:ERROR:process_reader_win.cc(151)] SuspendThread: 存取被拒。 (0x5)
[0215/230545.823:ERROR:process_reader_win.cc(151)] SuspendThread: 存取被拒。 (0x5)
[0215/230545.823:ERROR:process_reader_win.cc(151)] SuspendThread: 存取被拒。 (0x5)
[0215/230545.823:ERROR:process_reader_win.cc(151)] SuspendThread: 存取被拒。 (0x5)
[0215/230545.823:ERROR:process_reader_win.cc(151)] SuspendThread: 存取被拒。 (0x5)
[0215/230545.823:ERROR:process_reader_win.cc(151)] SuspendThread: 存取被拒。 (0x5)
[0215/230545.823:ERROR:process_reader_win.cc(151)] SuspendThread: 存取被拒。 (0x5)
[0215/230545.823:ERROR:process_reader_win.cc(151)] SuspendThread: 存取被拒。 (0x5)
[0215/230545.823:ERROR:process_reader_win.cc(151)] SuspendThread: 存取被拒。 (0x5)
[0215/230545.823:ERROR:process_reader_win.cc(151)] SuspendThread: 存取被拒。 (0x5)
[0215/230545.823:ERROR:process_reader_win.cc(151)] SuspendThread: 存取被拒。 (0x5)
[0215/230545.823:ERROR:process_reader_win.cc(151)] SuspendThread: 存取被拒。 (0x5)
[0215/230545.823:ERROR:process_reader_win.cc(151)] SuspendThread: 存取被拒。 (0x5)
[0215/230545.823:ERROR:process_reader_win.cc(151)] SuspendThread: 存取被拒。 (0x5)
[0215/230545.823:ERROR:process_reader_win.cc(151)] SuspendThread: 存取被拒。 (0x5)
[0215/230545.823:ERROR:process_reader_win.cc(151)] SuspendThread: 存取被拒。 (0x5)
[0215/230545.823:ERROR:process_reader_win.cc(151)] SuspendThread: 存取被拒。 (0x5)
[0215/230545.823:ERROR:process_reader_win.cc(151)] SuspendThread: 存取被拒。 (0x5)
[0215/230545.823:ERROR:process_reader_win.cc(151)] SuspendThread: 存取被拒。 (0x5)
[0215/230545.823:ERROR:process_reader_win.cc(151)] SuspendThread: 存取被拒。 (0x5)
[0215/230545.823:ERROR:process_reader_win.cc(151)] SuspendThread: 存取被拒。 (0x5)
[0215/230545.823:ERROR:process_reader_win.cc(151)] SuspendThread: 存取被拒。 (0x5)
[0215/230545.823:ERROR:process_reader_win.cc(151)] SuspendThread: 存取被拒。 (0x5)
[0215/230545.823:ERROR:process_reader_win.cc(151)] SuspendThread: 存取被拒。 (0x5)
[0215/230545.823:ERROR:process_reader_win.cc(151)] SuspendThread: 存取被拒。 (0x5)
[0215/230545.823:ERROR:process_reader_win.cc(151)] SuspendThread: 存取被拒。 (0x5)
[0215/230545.823:ERROR:process_reader_win.cc(151)] SuspendThread: 存取被拒。 (0x5)
[0215/230545.823:ERROR:process_reader_win.cc(151)] SuspendThread: 存取被拒。 (0x5)
[0215/230545.823:ERROR:process_reader_win.cc(151)] SuspendThread: 存取被拒。 (0x5)
[0215/230545.823:ERROR:process_reader_win.cc(151)] SuspendThread: 存取被拒。 (0x5)
[0215/230545.824:ERROR:process_reader_win.cc(151)] SuspendThread: 存取被拒。 (0x5)
[0215/230545.824:ERROR:process_reader_win.cc(151)] SuspendThread: 存取被拒。 (0x5)
[0215/230545.824:ERROR:process_reader_win.cc(151)] SuspendThread: 存取被拒。 (0x5)
[0215/230545.824:ERROR:process_reader_win.cc(151)] SuspendThread: 存取被拒。 (0x5)
[0215/230545.824:ERROR:process_reader_win.cc(151)] SuspendThread: 存取被拒。 (0x5)
[0215/230545.824:ERROR:process_reader_win.cc(151)] SuspendThread: 存取被拒。 (0x5)
[0215/230545.824:ERROR:process_reader_win.cc(151)] SuspendThread: 存取被拒。 (0x5)
[0215/230545.824:ERROR:process_reader_win.cc(151)] SuspendThread: 存取被拒。 (0x5)
[0215/230545.824:ERROR:process_reader_win.cc(151)] SuspendThread: 存取被拒。 (0x5)
[0215/230545.824:ERROR:process_reader_win.cc(151)] SuspendThread: 存取被拒。 (0x5)
[0215/230545.824:ERROR:process_reader_win.cc(151)] SuspendThread: 存取被拒。 (0x5)
[0215/230545.824:ERROR:process_reader_win.cc(151)] SuspendThread: 存取被拒。 (0x5)
[0215/230545.824:ERROR:process_reader_win.cc(151)] SuspendThread: 存取被拒。 (0x5)
[0215/230545.823:ERROR:process_reader_win.cc(151)] SuspendThread: 存取被拒。 (0x5)
[0215/230545.870:ERROR:process_reader_win.cc(151)] SuspendThread: 存取被拒。 (0x5)
[0215/230545.870:ERROR:process_reader_win.cc(151)] SuspendThread: 存取被拒。 (0x5)
[0215/230545.870:ERROR:process_reader_win.cc(151)] SuspendThread: 存取被拒。 (0x5)
[0215/230545.870:ERROR:process_reader_win.cc(151)] SuspendThread: 存取被拒。 (0x5)
[0215/230545.842:ERROR:process_reader_win.cc(151)] SuspendThread: 存取被拒。 (0x5)
[0215/230545.871:ERROR:process_reader_win.cc(151)] SuspendThread: 存取被拒。 (0x5)
[0215/230545.870:ERROR:process_reader_win.cc(123)] NtOpenThread: {拒絕存取} 程序已請求存取一物件，但未被授與存取權。 (0xc0000022)
[0215/230545.871:ERROR:exception_snapshot_win.cc(98)] thread ID 15748 not found in process
[0215/230545.840:ERROR:process_reader_win.cc(151)] SuspendThread: 存取被拒。 (0x5)
[0215/230545.871:ERROR:process_reader_win.cc(151)] SuspendThread: 存取被拒。 (0x5)
[0215/230545.871:ERROR:process_reader_win.cc(151)] SuspendThread: 存取被拒。 (0x5)
[0215/230545.871:ERROR:process_reader_win.cc(151)] SuspendThread: 存取被拒。 (0x5)
[0215/230545.871:ERROR:process_reader_win.cc(151)] SuspendThread: 存取被拒。 (0x5)
[0215/230545.871:ERROR:process_reader_win.cc(151)] SuspendThread: 存取被拒。 (0x5)
[0215/230545.871:ERROR:process_reader_win.cc(151)] SuspendThread: 存取被拒。 (0x5)
[0215/230545.871:ERROR:process_reader_win.cc(151)] SuspendThread: 存取被拒。 (0x5)
[0215/230545.871:ERROR:process_reader_win.cc(151)] SuspendThread: 存取被拒。 (0x5)
[0215/230545.871:ERROR:process_reader_win.cc(123)] NtOpenThread: {拒絕存取} 程序已請求存取一物件，但未被授與存取權。 (0xc0000022)
[0215/230545.871:ERROR:exception_snapshot_win.cc(98)] thread ID 18232 not found in process
[0215/230545.843:ERROR:process_reader_win.cc(151)] SuspendThread: 存取被拒。 (0x5)
[0215/230545.871:ERROR:process_reader_win.cc(151)] SuspendThread: 存取被拒。 (0x5)
[0215/230545.872:ERROR:process_reader_win.cc(151)] SuspendThread: 存取被拒。 (0x5)
[0215/230545.872:ERROR:process_reader_win.cc(151)] SuspendThread: 存取被拒。 (0x5)
[0215/230545.872:ERROR:process_reader_win.cc(151)] SuspendThread: 存取被拒。 (0x5)
[0215/230545.872:ERROR:process_reader_win.cc(151)] SuspendThread: 存取被拒。 (0x5)
[0215/230545.872:ERROR:process_reader_win.cc(151)] SuspendThread: 存取被拒。 (0x5)
[0215/230545.872:ERROR:process_reader_win.cc(151)] SuspendThread: 存取被拒。 (0x5)
[0215/230545.872:ERROR:process_reader_win.cc(151)] SuspendThread: 存取被拒。 (0x5)
[0215/230545.872:ERROR:process_reader_win.cc(151)] SuspendThread: 存取被拒。 (0x5)
[0215/230545.872:ERROR:process_reader_win.cc(151)] SuspendThread: 存取被拒。 (0x5)
[0215/230545.870:ERROR:process_reader_win.cc(151)] SuspendThread: 存取被拒。 (0x5)
[0215/230545.872:ERROR:process_reader_win.cc(151)] SuspendThread: 存取被拒。 (0x5)
[0215/230545.872:ERROR:process_reader_win.cc(151)] SuspendThread: 存取被拒。 (0x5)
[0215/230545.872:ERROR:process_reader_win.cc(123)] NtOpenThread: 指定不正確的用戶端識別碼。 (0xc000000b)
[0215/230545.873:ERROR:process_reader_win.cc(151)] SuspendThread: 存取被拒。 (0x5)
[0215/230545.873:ERROR:process_reader_win.cc(151)] SuspendThread: 存取被拒。 (0x5)
[0215/230545.873:ERROR:process_reader_win.cc(151)] SuspendThread: 存取被拒。 (0x5)
[0215/230545.873:ERROR:process_reader_win.cc(151)] SuspendThread: 存取被拒。 (0x5)
[0215/230545.872:ERROR:process_reader_win.cc(123)] NtOpenThread: 指定不正確的用戶端識別碼。 (0xc000000b)
[0215/230545.873:ERROR:process_reader_win.cc(151)] SuspendThread: 存取被拒。 (0x5)
[0215/230545.873:ERROR:process_reader_win.cc(151)] SuspendThread: 存取被拒。 (0x5)
[0215/230545.873:ERROR:process_reader_win.cc(151)] SuspendThread: 存取被拒。 (0x5)
[0215/230545.873:ERROR:process_reader_win.cc(151)] SuspendThread: 存取被拒。 (0x5)
[0215/230545.873:ERROR:process_reader_win.cc(151)] SuspendThread: 存取被拒。 (0x5)
[0215/230545.873:ERROR:process_reader_win.cc(151)] SuspendThread: 存取被拒。 (0x5)
[0215/230545.873:ERROR:process_reader_win.cc(151)] SuspendThread: 存取被拒。 (0x5)
[0215/230545.873:ERROR:process_reader_win.cc(151)] SuspendThread: 存取被拒。 (0x5)
[0215/230545.873:ERROR:process_reader_win.cc(151)] SuspendThread: 存取被拒。 (0x5)
[0215/230545.873:ERROR:process_reader_win.cc(151)] SuspendThread: 存取被拒。 (0x5)
[0215/230545.873:ERROR:process_reader_win.cc(151)] SuspendThread: 存取被拒。 (0x5)
[0215/230545.873:ERROR:process_reader_win.cc(151)] SuspendThread: 存取被拒。 (0x5)
[0215/230545.873:ERROR:process_reader_win.cc(151)] SuspendThread: 存取被拒。 (0x5)
[0215/230545.873:ERROR:process_reader_win.cc(151)] SuspendThread: 存取被拒。 (0x5)
[0215/230545.873:ERROR:process_reader_win.cc(151)] SuspendThread: 存取被拒。 (0x5)
[0215/230545.873:ERROR:process_reader_win.cc(151)] SuspendThread: 存取被拒。 (0x5)
[0215/230545.873:ERROR:process_reader_win.cc(151)] SuspendThread: 存取被拒。 (0x5)
[0215/230545.873:ERROR:process_reader_win.cc(151)] SuspendThread: 存取被拒。 (0x5)
[0215/230545.873:ERROR:process_reader_win.cc(151)] SuspendThread: 存取被拒。 (0x5)
[0215/230545.873:ERROR:process_reader_win.cc(151)] SuspendThread: 存取被拒。 (0x5)
[0215/230545.873:ERROR:process_reader_win.cc(151)] SuspendThread: 存取被拒。 (0x5)
[0215/230545.873:ERROR:process_reader_win.cc(151)] SuspendThread: 存取被拒。 (0x5)
[0215/230545.873:ERROR:process_reader_win.cc(151)] SuspendThread: 存取被拒。 (0x5)
[0215/230545.873:ERROR:process_reader_win.cc(151)] SuspendThread: 存取被拒。 (0x5)
[0215/230545.873:ERROR:process_reader_win.cc(151)] SuspendThread: 存取被拒。 (0x5)
[0215/230545.873:ERROR:process_reader_win.cc(151)] SuspendThread: 存取被拒。 (0x5)
[0215/230545.873:ERROR:process_reader_win.cc(151)] SuspendThread: 存取被拒。 (0x5)
[0215/230545.873:ERROR:process_reader_win.cc(151)] SuspendThread: 存取被拒。 (0x5)
[0215/230545.873:ERROR:process_reader_win.cc(151)] SuspendThread: 存取被拒。 (0x5)
[0215/230545.873:ERROR:process_reader_win.cc(151)] SuspendThread: 存取被拒。 (0x5)
[0215/230545.873:ERROR:process_reader_win.cc(151)] SuspendThread: 存取被拒。 (0x5)
[0215/230545.873:ERROR:process_reader_win.cc(151)] SuspendThread: 存取被拒。 (0x5)
[0215/230545.873:ERROR:process_reader_win.cc(151)] SuspendThread: 存取被拒。 (0x5)
[0215/230545.873:ERROR:process_reader_win.cc(151)] SuspendThread: 存取被拒。 (0x5)
[0215/230545.874:ERROR:process_reader_win.cc(151)] SuspendThread: 存取被拒。 (0x5)
[0215/230545.874:ERROR:process_reader_win.cc(151)] SuspendThread: 存取被拒。 (0x5)
[0215/230545.874:ERROR:process_reader_win.cc(151)] SuspendThread: 存取被拒。 (0x5)
[0215/230545.874:ERROR:process_reader_win.cc(151)] SuspendThread: 存取被拒。 (0x5)
[0215/230545.874:ERROR:process_reader_win.cc(151)] SuspendThread: 存取被拒。 (0x5)
[0215/230545.874:ERROR:process_reader_win.cc(151)] SuspendThread: 存取被拒。 (0x5)
[0215/230545.874:ERROR:process_reader_win.cc(151)] SuspendThread: 存取被拒。 (0x5)
[0215/230545.874:ERROR:process_reader_win.cc(151)] SuspendThread: 存取被拒。 (0x5)
[0215/230545.874:ERROR:process_reader_win.cc(151)] SuspendThread: 存取被拒。 (0x5)
[0215/230545.874:ERROR:process_reader_win.cc(151)] SuspendThread: 存取被拒。 (0x5)
[0215/230545.874:ERROR:process_reader_win.cc(151)] SuspendThread: 存取被拒。 (0x5)
[0215/230545.874:ERROR:process_reader_win.cc(151)] SuspendThread: 存取被拒。 (0x5)
[0215/230545.888:ERROR:process_reader_win.cc(151)] SuspendThread: 存取被拒。 (0x5)
[0215/230545.869:ERROR:process_reader_win.cc(151)] SuspendThread: 存取被拒。 (0x5)
[0215/230545.890:ERROR:process_reader_win.cc(151)] SuspendThread: 存取被拒。 (0x5)
[0215/230545.891:ERROR:process_reader_win.cc(151)] SuspendThread: 存取被拒。 (0x5)
[0215/230545.891:ERROR:process_reader_win.cc(123)] NtOpenThread: {拒絕存取} 程序已請求存取一物件，但未被授與存取權。 (0xc0000022)
[0215/230545.891:ERROR:process_reader_win.cc(151)] SuspendThread: 存取被拒。 (0x5)
[0215/230545.891:ERROR:exception_snapshot_win.cc(98)] thread ID 6800 not found in process
[0215/230545.891:ERROR:process_reader_win.cc(123)] NtOpenThread: {拒絕存取} 程序已請求存取一物件，但未被授與存取權。 (0xc0000022)
[0215/230545.891:ERROR:process_reader_win.cc(151)] SuspendThread: 存取被拒。 (0x5)
[0215/230545.891:ERROR:exception_snapshot_win.cc(98)] thread ID 8848 not found in process
[0215/230545.891:ERROR:process_reader_win.cc(151)] SuspendThread: 存取被拒。 (0x5)
[0215/230545.891:ERROR:process_reader_win.cc(151)] SuspendThread: 存取被拒。 (0x5)
[0215/230545.891:ERROR:process_reader_win.cc(151)] SuspendThread: 存取被拒。 (0x5)
[0215/230545.891:ERROR:process_reader_win.cc(151)] SuspendThread: 存取被拒。 (0x5)
[0215/230545.891:ERROR:process_reader_win.cc(151)] SuspendThread: 存取被拒。 (0x5)
[0215/230545.891:ERROR:process_reader_win.cc(151)] SuspendThread: 存取被拒。 (0x5)
[0215/230545.891:ERROR:process_reader_win.cc(151)] SuspendThread: 存取被拒。 (0x5)
[0215/230545.891:ERROR:process_reader_win.cc(151)] SuspendThread: 存取被拒。 (0x5)
[0215/230545.891:ERROR:process_reader_win.cc(151)] SuspendThread: 存取被拒。 (0x5)
[0215/230545.892:ERROR:process_reader_win.cc(151)] SuspendThread: 存取被拒。 (0x5)
[0215/230545.892:ERROR:process_reader_win.cc(151)] SuspendThread: 存取被拒。 (0x5)
[0215/230545.892:ERROR:process_reader_win.cc(151)] SuspendThread: 存取被拒。 (0x5)
[0215/230545.892:ERROR:process_reader_win.cc(151)] SuspendThread: 存取被拒。 (0x5)
[0215/230545.891:ERROR:process_reader_win.cc(123)] NtOpenThread: {拒絕存取} 程序已請求存取一物件，但未被授與存取權。 (0xc0000022)
[0215/230545.892:ERROR:exception_snapshot_win.cc(98)] thread ID 6412 not found in process
[0215/230545.892:ERROR:process_reader_win.cc(151)] SuspendThread: 存取被拒。 (0x5)
[0215/230545.892:ERROR:process_reader_win.cc(123)] NtOpenThread: {拒絕存取} 程序已請求存取一物件，但未被授與存取權。 (0xc0000022)
[0215/230545.892:ERROR:exception_snapshot_win.cc(98)] thread ID 3304 not found in process
[0215/230545.874:ERROR:process_reader_win.cc(151)] SuspendThread: 存取被拒。 (0x5)
[0215/230545.894:ERROR:process_reader_win.cc(151)] SuspendThread: 存取被拒。 (0x5)
[0215/230545.894:ERROR:process_reader_win.cc(123)] NtOpenThread: {拒絕存取} 程序已請求存取一物件，但未被授與存取權。 (0xc0000022)
[0215/230545.894:ERROR:exception_snapshot_win.cc(98)] thread ID 16968 not found in process
[0215/230545.865:ERROR:process_reader_win.cc(151)] SuspendThread: 存取被拒。 (0x5)
[0215/230545.872:ERROR:process_reader_win.cc(123)] NtOpenThread: {拒絕存取} 程序已請求存取一物件，但未被授與存取權。 (0xc0000022)
[0215/230545.894:ERROR:process_reader_win.cc(123)] NtOpenThread: {拒絕存取} 程序已請求存取一物件，但未被授與存取權。 (0xc0000022)
[0215/230545.894:ERROR:exception_snapshot_win.cc(98)] thread ID 8328 not found in process
[0215/230545.894:ERROR:exception_snapshot_win.cc(98)] thread ID 14808 not found in process
[0215/230545.891:ERROR:process_reader_win.cc(151)] SuspendThread: 存取被拒。 (0x5)
[0215/230545.895:ERROR:process_reader_win.cc(123)] NtOpenThread: {拒絕存取} 程序已請求存取一物件，但未被授與存取權。 (0xc0000022)
[0215/230545.895:ERROR:exception_snapshot_win.cc(98)] thread ID 15848 not found in process
[0215/230545.889:ERROR:process_reader_win.cc(151)] SuspendThread: 存取被拒。 (0x5)
[0215/230545.895:ERROR:process_reader_win.cc(151)] SuspendThread: 存取被拒。 (0x5)
[0215/230545.895:ERROR:process_reader_win.cc(123)] NtOpenThread: {拒絕存取} 程序已請求存取一物件，但未被授與存取權。 (0xc0000022)
[0215/230545.895:ERROR:exception_snapshot_win.cc(98)] thread ID 9756 not found in process
[0215/230545.894:ERROR:process_reader_win.cc(151)] SuspendThread: 存取被拒。 (0x5)
[0215/230545.895:ERROR:process_reader_win.cc(151)] SuspendThread: 存取被拒。 (0x5)
[0215/230545.895:ERROR:process_reader_win.cc(123)] NtOpenThread: {拒絕存取} 程序已請求存取一物件，但未被授與存取權。 (0xc0000022)
[0215/230545.895:ERROR:exception_snapshot_win.cc(98)] thread ID 9004 not found in process
[0215/230545.898:ERROR:process_reader_win.cc(123)] NtOpenThread: {拒絕存取} 程序已請求存取一物件，但未被授與存取權。 (0xc0000022)
[0215/230545.898:ERROR:exception_snapshot_win.cc(98)] thread ID 18340 not found in process
[0216/010924.062:ERROR:process_reader_win.cc(123)] NtOpenThread: {拒絕存取} 程序已請求存取一物件，但未被授與存取權。 (0xc0000022)
[0216/010924.064:ERROR:exception_snapshot_win.cc(98)] thread ID 20020 not found in process
[0216/010924.126:ERROR:process_reader_win.cc(123)] NtOpenThread: {拒絕存取} 程序已請求存取一物件，但未被授與存取權。 (0xc0000022)
[0216/010924.126:ERROR:exception_snapshot_win.cc(98)] thread ID 19992 not found in process
[0216/012931.473:ERROR:process_reader_win.cc(151)] SuspendThread: 存取被拒。 (0x5)
[0216/012931.475:ERROR:process_reader_win.cc(151)] SuspendThread: 存取被拒。 (0x5)
[0216/012931.475:ERROR:process_reader_win.cc(123)] NtOpenThread: {拒絕存取} 程序已請求存取一物件，但未被授與存取權。 (0xc0000022)
[0216/012931.475:ERROR:exception_snapshot_win.cc(98)] thread ID 1552 not found in process
[0216/012931.483:ERROR:process_reader_win.cc(123)] NtOpenThread: {拒絕存取} 程序已請求存取一物件，但未被授與存取權。 (0xc0000022)
[0216/012931.483:ERROR:exception_snapshot_win.cc(98)] thread ID 14052 not found in process
[0216/012931.499:ERROR:process_reader_win.cc(123)] NtOpenThread: {拒絕存取} 程序已請求存取一物件，但未被授與存取權。 (0xc0000022)
[0216/012931.499:ERROR:exception_snapshot_win.cc(98)] thread ID 228 not found in process
[0216/014213.124:ERROR:process_reader_win.cc(151)] SuspendThread: 存取被拒。 (0x5)
[0216/014213.126:ERROR:process_reader_win.cc(151)] SuspendThread: 存取被拒。 (0x5)
[0216/014213.126:ERROR:process_reader_win.cc(151)] SuspendThread: 存取被拒。 (0x5)
[0216/014213.126:ERROR:process_reader_win.cc(151)] SuspendThread: 存取被拒。 (0x5)
[0216/014213.126:ERROR:process_reader_win.cc(151)] SuspendThread: 存取被拒。 (0x5)
[0216/014213.126:ERROR:process_reader_win.cc(151)] SuspendThread: 存取被拒。 (0x5)
[0216/014213.126:ERROR:process_reader_win.cc(151)] SuspendThread: 存取被拒。 (0x5)
[0216/014213.126:ERROR:process_reader_win.cc(151)] SuspendThread: 存取被拒。 (0x5)
[0216/014213.126:ERROR:process_reader_win.cc(151)] SuspendThread: 存取被拒。 (0x5)
[0216/014213.126:ERROR:process_reader_win.cc(123)] NtOpenThread: {拒絕存取} 程序已請求存取一物件，但未被授與存取權。 (0xc0000022)
[0216/014213.128:ERROR:exception_snapshot_win.cc(98)] thread ID 18560 not found in process
[0216/014213.143:ERROR:process_reader_win.cc(151)] SuspendThread: 存取被拒。 (0x5)
[0216/014213.145:ERROR:process_reader_win.cc(151)] SuspendThread: 存取被拒。 (0x5)
[0216/014213.145:ERROR:process_reader_win.cc(151)] SuspendThread: 存取被拒。 (0x5)
[0216/014213.145:ERROR:process_reader_win.cc(151)] SuspendThread: 存取被拒。 (0x5)
[0216/014213.145:ERROR:process_reader_win.cc(151)] SuspendThread: 存取被拒。 (0x5)
[0216/014213.145:ERROR:process_reader_win.cc(151)] SuspendThread: 存取被拒。 (0x5)
[0216/014213.145:ERROR:process_reader_win.cc(151)] SuspendThread: 存取被拒。 (0x5)
[0216/014213.145:ERROR:process_reader_win.cc(151)] SuspendThread: 存取被拒。 (0x5)
[0216/014213.145:ERROR:process_reader_win.cc(151)] SuspendThread: 存取被拒。 (0x5)
[0216/014213.145:ERROR:process_reader_win.cc(151)] SuspendThread: 存取被拒。 (0x5)
[0216/014213.145:ERROR:process_reader_win.cc(151)] SuspendThread: 存取被拒。 (0x5)
[0216/014213.145:ERROR:process_reader_win.cc(151)] SuspendThread: 存取被拒。 (0x5)
[0216/014213.145:ERROR:process_reader_win.cc(151)] SuspendThread: 存取被拒。 (0x5)
[0216/014213.145:ERROR:process_reader_win.cc(151)] SuspendThread: 存取被拒。 (0x5)
[0216/014213.146:ERROR:process_reader_win.cc(151)] SuspendThread: 存取被拒。 (0x5)
[0216/014213.146:ERROR:process_reader_win.cc(151)] SuspendThread: 存取被拒。 (0x5)
[0216/014213.146:ERROR:process_reader_win.cc(151)] SuspendThread: 存取被拒。 (0x5)
[0216/014213.146:ERROR:process_reader_win.cc(151)] SuspendThread: 存取被拒。 (0x5)
[0216/014213.146:ERROR:process_reader_win.cc(151)] SuspendThread: 存取被拒。 (0x5)
[0216/014213.146:ERROR:process_reader_win.cc(151)] SuspendThread: 存取被拒。 (0x5)
[0216/014213.146:ERROR:process_reader_win.cc(151)] SuspendThread: 存取被拒。 (0x5)
[0216/014213.146:ERROR:process_reader_win.cc(151)] SuspendThread: 存取被拒。 (0x5)
[0216/014213.146:ERROR:process_reader_win.cc(151)] SuspendThread: 存取被拒。 (0x5)
[0216/014213.146:ERROR:process_reader_win.cc(151)] SuspendThread: 存取被拒。 (0x5)
[0216/014213.146:ERROR:process_reader_win.cc(151)] SuspendThread: 存取被拒。 (0x5)
[0216/014213.146:ERROR:process_reader_win.cc(151)] SuspendThread: 存取被拒。 (0x5)
[0216/014213.146:ERROR:process_reader_win.cc(123)] NtOpenThread: {拒絕存取} 程序已請求存取一物件，但未被授與存取權。 (0xc0000022)
[0216/014213.147:ERROR:exception_snapshot_win.cc(98)] thread ID 9832 not found in process
[0216/014213.124:ERROR:process_reader_win.cc(151)] SuspendThread: 存取被拒。 (0x5)
[0216/014213.150:ERROR:process_reader_win.cc(151)] SuspendThread: 存取被拒。 (0x5)
[0216/014213.150:ERROR:process_reader_win.cc(151)] SuspendThread: 存取被拒。 (0x5)
[0216/014213.150:ERROR:process_reader_win.cc(151)] SuspendThread: 存取被拒。 (0x5)
[0216/014213.150:ERROR:process_reader_win.cc(151)] SuspendThread: 存取被拒。 (0x5)
[0216/014213.150:ERROR:process_reader_win.cc(151)] SuspendThread: 存取被拒。 (0x5)
[0216/014213.150:ERROR:process_reader_win.cc(151)] SuspendThread: 存取被拒。 (0x5)
[0216/014213.150:ERROR:process_reader_win.cc(151)] SuspendThread: 存取被拒。 (0x5)
[0216/014213.150:ERROR:process_reader_win.cc(151)] SuspendThread: 存取被拒。 (0x5)
[0216/014213.150:ERROR:process_reader_win.cc(123)] NtOpenThread: {拒絕存取} 程序已請求存取一物件，但未被授與存取權。 (0xc0000022)
[0216/014213.151:ERROR:exception_snapshot_win.cc(98)] thread ID 3912 not found in process
[0216/014213.166:ERROR:process_reader_win.cc(151)] SuspendThread: 存取被拒。 (0x5)
[0216/014213.211:ERROR:process_reader_win.cc(151)] SuspendThread: 存取被拒。 (0x5)
[0216/014213.211:ERROR:process_reader_win.cc(151)] SuspendThread: 存取被拒。 (0x5)
[0216/014213.211:ERROR:process_reader_win.cc(151)] SuspendThread: 存取被拒。 (0x5)
[0216/014213.211:ERROR:process_reader_win.cc(151)] SuspendThread: 存取被拒。 (0x5)
[0216/014213.211:ERROR:process_reader_win.cc(151)] SuspendThread: 存取被拒。 (0x5)
[0216/014213.211:ERROR:process_reader_win.cc(151)] SuspendThread: 存取被拒。 (0x5)
[0216/014213.212:ERROR:process_reader_win.cc(151)] SuspendThread: 存取被拒。 (0x5)
[0216/014213.212:ERROR:process_reader_win.cc(151)] SuspendThread: 存取被拒。 (0x5)
[0216/014213.212:ERROR:process_reader_win.cc(151)] SuspendThread: 存取被拒。 (0x5)
[0216/014213.212:ERROR:process_reader_win.cc(151)] SuspendThread: 存取被拒。 (0x5)
[0216/014213.212:ERROR:process_reader_win.cc(151)] SuspendThread: 存取被拒。 (0x5)
[0216/014213.212:ERROR:process_reader_win.cc(151)] SuspendThread: 存取被拒。 (0x5)
[0216/014213.212:ERROR:process_reader_win.cc(151)] SuspendThread: 存取被拒。 (0x5)
[0216/014213.212:ERROR:process_reader_win.cc(151)] SuspendThread: 存取被拒。 (0x5)
[0216/014213.212:ERROR:process_reader_win.cc(151)] SuspendThread: 存取被拒。 (0x5)
[0216/014213.212:ERROR:process_reader_win.cc(151)] SuspendThread: 存取被拒。 (0x5)
[0216/014213.212:ERROR:process_reader_win.cc(151)] SuspendThread: 存取被拒。 (0x5)
[0216/014213.212:ERROR:process_reader_win.cc(151)] SuspendThread: 存取被拒。 (0x5)
[0216/014213.212:ERROR:process_reader_win.cc(151)] SuspendThread: 存取被拒。 (0x5)
[0216/014213.212:ERROR:process_reader_win.cc(151)] SuspendThread: 存取被拒。 (0x5)
[0216/014213.212:ERROR:process_reader_win.cc(151)] SuspendThread: 存取被拒。 (0x5)
[0216/014213.212:ERROR:process_reader_win.cc(151)] SuspendThread: 存取被拒。 (0x5)
[0216/014213.212:ERROR:process_reader_win.cc(151)] SuspendThread: 存取被拒。 (0x5)
[0216/014213.212:ERROR:process_reader_win.cc(151)] SuspendThread: 存取被拒。 (0x5)
[0216/014213.212:ERROR:process_reader_win.cc(151)] SuspendThread: 存取被拒。 (0x5)
[0216/014213.212:ERROR:process_reader_win.cc(123)] NtOpenThread: {拒絕存取} 程序已請求存取一物件，但未被授與存取權。 (0xc0000022)
[0216/014213.213:ERROR:exception_snapshot_win.cc(98)] thread ID 18440 not found in process
[0216/014213.213:ERROR:process_reader_win.cc(151)] SuspendThread: 存取被拒。 (0x5)
[0216/014213.213:ERROR:process_reader_win.cc(151)] SuspendThread: 存取被拒。 (0x5)
[0216/014213.213:ERROR:process_reader_win.cc(123)] NtOpenThread: {拒絕存取} 程序已請求存取一物件，但未被授與存取權。 (0xc0000022)
[0216/014213.213:ERROR:process_reader_win.cc(151)] SuspendThread: 存取被拒。 (0x5)
[0216/014213.213:ERROR:exception_snapshot_win.cc(98)] thread ID 7740 not found in process
[0216/014213.213:ERROR:process_reader_win.cc(151)] SuspendThread: 存取被拒。 (0x5)
[0216/014213.213:ERROR:process_reader_win.cc(151)] SuspendThread: 存取被拒。 (0x5)
[0216/014213.214:ERROR:process_reader_win.cc(151)] SuspendThread: 存取被拒。 (0x5)
[0216/014213.214:ERROR:process_reader_win.cc(151)] SuspendThread: 存取被拒。 (0x5)
[0216/014213.214:ERROR:process_reader_win.cc(123)] NtOpenThread: {拒絕存取} 程序已請求存取一物件，但未被授與存取權。 (0xc0000022)
[0216/014213.214:ERROR:exception_snapshot_win.cc(98)] thread ID 188 not found in process
[0216/014213.205:ERROR:process_reader_win.cc(151)] SuspendThread: 存取被拒。 (0x5)
[0216/014213.215:ERROR:process_reader_win.cc(151)] SuspendThread: 存取被拒。 (0x5)
[0216/014213.215:ERROR:process_reader_win.cc(151)] SuspendThread: 存取被拒。 (0x5)
[0216/014213.215:ERROR:process_reader_win.cc(151)] SuspendThread: 存取被拒。 (0x5)
[0216/014213.215:ERROR:process_reader_win.cc(151)] SuspendThread: 存取被拒。 (0x5)
[0216/014213.216:ERROR:process_reader_win.cc(123)] NtOpenThread: {拒絕存取} 程序已請求存取一物件，但未被授與存取權。 (0xc0000022)
[0216/014213.216:ERROR:exception_snapshot_win.cc(98)] thread ID 16464 not found in process
[0216/014213.216:ERROR:process_reader_win.cc(151)] SuspendThread: 存取被拒。 (0x5)
[0216/014213.216:ERROR:process_reader_win.cc(151)] SuspendThread: 存取被拒。 (0x5)
[0216/014213.216:ERROR:process_reader_win.cc(123)] NtOpenThread: {拒絕存取} 程序已請求存取一物件，但未被授與存取權。 (0xc0000022)
[0216/014213.216:ERROR:exception_snapshot_win.cc(98)] thread ID 13100 not found in process
[0216/014213.509:ERROR:process_reader_win.cc(123)] NtOpenThread: {拒絕存取} 程序已請求存取一物件，但未被授與存取權。 (0xc0000022)
[0216/014213.509:ERROR:exception_snapshot_win.cc(98)] thread ID 4912 not found in process
[0216/184209.683:ERROR:process_reader_win.cc(151)] SuspendThread: 存取被拒。 (0x5)
[0216/184209.686:ERROR:process_reader_win.cc(123)] NtOpenThread: {拒絕存取} 程序已請求存取一物件，但未被授與存取權。 (0xc0000022)
[0216/184209.687:ERROR:exception_snapshot_win.cc(98)] thread ID 3068 not found in process
[0216/184209.699:ERROR:process_reader_win.cc(151)] SuspendThread: 存取被拒。 (0x5)
[0216/184209.699:ERROR:process_reader_win.cc(151)] SuspendThread: 存取被拒。 (0x5)
[0216/184209.699:ERROR:process_reader_win.cc(151)] SuspendThread: 存取被拒。 (0x5)
[0216/184209.699:ERROR:process_reader_win.cc(151)] SuspendThread: 存取被拒。 (0x5)
[0216/184209.699:ERROR:process_reader_win.cc(123)] NtOpenThread: {拒絕存取} 程序已請求存取一物件，但未被授與存取權。 (0xc0000022)
[0216/184209.699:ERROR:exception_snapshot_win.cc(98)] thread ID 17352 not found in process
[0216/184918.607:ERROR:process_reader_win.cc(123)] NtOpenThread: {拒絕存取} 程序已請求存取一物件，但未被授與存取權。 (0xc0000022)
[0216/184918.609:ERROR:exception_snapshot_win.cc(98)] thread ID 13472 not found in process
[0216/184918.662:ERROR:process_reader_win.cc(123)] NtOpenThread: {拒絕存取} 程序已請求存取一物件，但未被授與存取權。 (0xc0000022)
[0216/184918.662:ERROR:exception_snapshot_win.cc(98)] thread ID 16228 not found in process
[0216/203941.740:ERROR:process_reader_win.cc(123)] NtOpenThread: {拒絕存取} 程序已請求存取一物件，但未被授與存取權。 (0xc0000022)
[0216/203941.741:ERROR:exception_snapshot_win.cc(98)] thread ID 19536 not found in process
[0216/203941.812:ERROR:process_reader_win.cc(151)] SuspendThread: 存取被拒。 (0x5)
[0216/203941.812:ERROR:process_reader_win.cc(151)] SuspendThread: 存取被拒。 (0x5)
[0216/203941.812:ERROR:process_reader_win.cc(151)] SuspendThread: 存取被拒。 (0x5)
[0216/203941.812:ERROR:process_reader_win.cc(151)] SuspendThread: 存取被拒。 (0x5)
[0216/203941.812:ERROR:process_reader_win.cc(151)] SuspendThread: 存取被拒。 (0x5)
[0216/203941.812:ERROR:process_reader_win.cc(123)] NtOpenThread: {拒絕存取} 程序已請求存取一物件，但未被授與存取權。 (0xc0000022)
[0216/203941.812:ERROR:exception_snapshot_win.cc(98)] thread ID 9276 not found in process
[0216/205620.672:ERROR:process_reader_win.cc(123)] NtOpenThread: {拒絕存取} 程序已請求存取一物件，但未被授與存取權。 (0xc0000022)
[0216/205620.673:ERROR:exception_snapshot_win.cc(98)] thread ID 18388 not found in process
[0216/205620.717:ERROR:process_reader_win.cc(123)] NtOpenThread: {拒絕存取} 程序已請求存取一物件，但未被授與存取權。 (0xc0000022)
[0216/205620.717:ERROR:exception_snapshot_win.cc(98)] thread ID 12492 not found in process
[0216/210054.215:ERROR:process_reader_win.cc(151)] SuspendThread: 存取被拒。 (0x5)
[0216/210054.217:ERROR:process_reader_win.cc(151)] SuspendThread: 存取被拒。 (0x5)
[0216/210054.217:ERROR:process_reader_win.cc(151)] SuspendThread: 存取被拒。 (0x5)
[0216/210054.217:ERROR:process_reader_win.cc(151)] SuspendThread: 存取被拒。 (0x5)
[0216/210054.217:ERROR:process_reader_win.cc(151)] SuspendThread: 存取被拒。 (0x5)
[0216/210054.217:ERROR:process_reader_win.cc(151)] SuspendThread: 存取被拒。 (0x5)
[0216/210054.218:ERROR:process_reader_win.cc(151)] SuspendThread: 存取被拒。 (0x5)
[0216/210054.218:ERROR:process_reader_win.cc(151)] SuspendThread: 存取被拒。 (0x5)
[0216/210054.218:ERROR:process_reader_win.cc(151)] SuspendThread: 存取被拒。 (0x5)
[0216/210054.218:ERROR:process_reader_win.cc(123)] NtOpenThread: {拒絕存取} 程序已請求存取一物件，但未被授與存取權。 (0xc0000022)
[0216/210054.218:ERROR:exception_snapshot_win.cc(98)] thread ID 2232 not found in process
[0216/210054.228:ERROR:process_reader_win.cc(151)] SuspendThread: 存取被拒。 (0x5)
[0216/210054.229:ERROR:process_reader_win.cc(151)] SuspendThread: 存取被拒。 (0x5)
[0216/210054.230:ERROR:process_reader_win.cc(151)] SuspendThread: 存取被拒。 (0x5)
[0216/210054.230:ERROR:process_reader_win.cc(151)] SuspendThread: 存取被拒。 (0x5)
[0216/210054.230:ERROR:process_reader_win.cc(151)] SuspendThread: 存取被拒。 (0x5)
[0216/210054.230:ERROR:process_reader_win.cc(151)] SuspendThread: 存取被拒。 (0x5)
[0216/210054.230:ERROR:process_reader_win.cc(151)] SuspendThread: 存取被拒。 (0x5)
[0216/210054.230:ERROR:process_reader_win.cc(151)] SuspendThread: 存取被拒。 (0x5)
[0216/210054.230:ERROR:process_reader_win.cc(151)] SuspendThread: 存取被拒。 (0x5)
[0216/210054.230:ERROR:process_reader_win.cc(151)] SuspendThread: 存取被拒。 (0x5)
[0216/210054.230:ERROR:process_reader_win.cc(151)] SuspendThread: 存取被拒。 (0x5)
[0216/210054.230:ERROR:process_reader_win.cc(151)] SuspendThread: 存取被拒。 (0x5)
[0216/210054.230:ERROR:process_reader_win.cc(151)] SuspendThread: 存取被拒。 (0x5)
[0216/210054.230:ERROR:process_reader_win.cc(151)] SuspendThread: 存取被拒。 (0x5)
[0216/210054.230:ERROR:process_reader_win.cc(151)] SuspendThread: 存取被拒。 (0x5)
[0216/210054.230:ERROR:process_reader_win.cc(151)] SuspendThread: 存取被拒。 (0x5)
[0216/210054.230:ERROR:process_reader_win.cc(151)] SuspendThread: 存取被拒。 (0x5)
[0216/210054.230:ERROR:process_reader_win.cc(151)] SuspendThread: 存取被拒。 (0x5)
[0216/210054.230:ERROR:process_reader_win.cc(151)] SuspendThread: 存取被拒。 (0x5)
[0216/210054.230:ERROR:process_reader_win.cc(151)] SuspendThread: 存取被拒。 (0x5)
[0216/210054.230:ERROR:process_reader_win.cc(151)] SuspendThread: 存取被拒。 (0x5)
[0216/210054.230:ERROR:process_reader_win.cc(151)] SuspendThread: 存取被拒。 (0x5)
[0216/210054.230:ERROR:process_reader_win.cc(151)] SuspendThread: 存取被拒。 (0x5)
[0216/210054.230:ERROR:process_reader_win.cc(151)] SuspendThread: 存取被拒。 (0x5)
[0216/210054.230:ERROR:process_reader_win.cc(151)] SuspendThread: 存取被拒。 (0x5)
[0216/210054.230:ERROR:process_reader_win.cc(151)] SuspendThread: 存取被拒。 (0x5)
[0216/210054.231:ERROR:process_reader_win.cc(151)] SuspendThread: 存取被拒。 (0x5)
[0216/210054.231:ERROR:process_reader_win.cc(151)] SuspendThread: 存取被拒。 (0x5)
[0216/210054.231:ERROR:process_reader_win.cc(151)] SuspendThread: 存取被拒。 (0x5)
[0216/210054.231:ERROR:process_reader_win.cc(123)] NtOpenThread: {拒絕存取} 程序已請求存取一物件，但未被授與存取權。 (0xc0000022)
[0216/210054.231:ERROR:exception_snapshot_win.cc(98)] thread ID 1524 not found in process
[0216/210054.269:ERROR:process_reader_win.cc(151)] SuspendThread: 存取被拒。 (0x5)
[0216/210054.269:ERROR:process_reader_win.cc(151)] SuspendThread: 存取被拒。 (0x5)
[0216/210054.269:ERROR:process_reader_win.cc(123)] NtOpenThread: {拒絕存取} 程序已請求存取一物件，但未被授與存取權。 (0xc0000022)
[0216/210054.269:ERROR:exception_snapshot_win.cc(98)] thread ID 8824 not found in process
[0216/210054.271:ERROR:process_reader_win.cc(151)] SuspendThread: 存取被拒。 (0x5)
[0216/210054.271:ERROR:process_reader_win.cc(151)] SuspendThread: 存取被拒。 (0x5)
[0216/210054.271:ERROR:process_reader_win.cc(151)] SuspendThread: 存取被拒。 (0x5)
[0216/210054.271:ERROR:process_reader_win.cc(151)] SuspendThread: 存取被拒。 (0x5)
[0216/210054.271:ERROR:process_reader_win.cc(151)] SuspendThread: 存取被拒。 (0x5)
[0216/210054.271:ERROR:process_reader_win.cc(151)] SuspendThread: 存取被拒。 (0x5)
[0216/210054.271:ERROR:process_reader_win.cc(123)] NtOpenThread: {拒絕存取} 程序已請求存取一物件，但未被授與存取權。 (0xc0000022)
[0216/210054.271:ERROR:exception_snapshot_win.cc(98)] thread ID 4508 not found in process
[0217/031959.244:ERROR:process_reader_win.cc(123)] NtOpenThread: {拒絕存取} 程序已請求存取一物件，但未被授與存取權。 (0xc0000022)
[0217/031959.251:ERROR:exception_snapshot_win.cc(98)] thread ID 22144 not found in process
[0217/031959.319:ERROR:process_reader_win.cc(123)] NtOpenThread: {拒絕存取} 程序已請求存取一物件，但未被授與存取權。 (0xc0000022)
[0217/031959.319:ERROR:exception_snapshot_win.cc(98)] thread ID 18812 not found in process
[0217/031959.400:ERROR:process_reader_win.cc(123)] NtOpenThread: {拒絕存取} 程序已請求存取一物件，但未被授與存取權。 (0xc0000022)
[0217/031959.402:ERROR:exception_snapshot_win.cc(98)] thread ID 20460 not found in process
[0217/031959.463:ERROR:process_reader_win.cc(123)] NtOpenThread: {拒絕存取} 程序已請求存取一物件，但未被授與存取權。 (0xc0000022)
[0217/031959.463:ERROR:exception_snapshot_win.cc(98)] thread ID 21128 not found in process
[0217/031959.549:ERROR:process_reader_win.cc(123)] NtOpenThread: {拒絕存取} 程序已請求存取一物件，但未被授與存取權。 (0xc0000022)
[0217/031959.550:ERROR:exception_snapshot_win.cc(98)] thread ID 8824 not found in process
[0217/031959.628:ERROR:process_reader_win.cc(151)] SuspendThread: 存取被拒。 (0x5)
[0217/031959.628:ERROR:process_reader_win.cc(151)] SuspendThread: 存取被拒。 (0x5)
[0217/031959.628:ERROR:process_reader_win.cc(123)] NtOpenThread: {拒絕存取} 程序已請求存取一物件，但未被授與存取權。 (0xc0000022)
[0217/031959.629:ERROR:exception_snapshot_win.cc(98)] thread ID 20932 not found in process
[0217/033918.196:ERROR:process_reader_win.cc(123)] NtOpenThread: {拒絕存取} 程序已請求存取一物件，但未被授與存取權。 (0xc0000022)
[0217/033918.199:ERROR:exception_snapshot_win.cc(98)] thread ID 7232 not found in process
[0217/033918.291:ERROR:process_reader_win.cc(151)] SuspendThread: 存取被拒。 (0x5)
[0217/033918.291:ERROR:process_reader_win.cc(151)] SuspendThread: 存取被拒。 (0x5)
[0217/033918.292:ERROR:process_reader_win.cc(151)] SuspendThread: 存取被拒。 (0x5)
[0217/033918.292:ERROR:process_reader_win.cc(151)] SuspendThread: 存取被拒。 (0x5)
[0217/033918.292:ERROR:process_reader_win.cc(151)] SuspendThread: 存取被拒。 (0x5)
[0217/033918.292:ERROR:process_reader_win.cc(151)] SuspendThread: 存取被拒。 (0x5)
[0217/033918.292:ERROR:process_reader_win.cc(123)] NtOpenThread: {拒絕存取} 程序已請求存取一物件，但未被授與存取權。 (0xc0000022)
[0217/033918.292:ERROR:exception_snapshot_win.cc(98)] thread ID 18168 not found in process
[0217/033918.318:ERROR:process_reader_win.cc(123)] NtOpenThread: {拒絕存取} 程序已請求存取一物件，但未被授與存取權。 (0xc0000022)
[0217/033918.320:ERROR:exception_snapshot_win.cc(98)] thread ID 2924 not found in process
[0217/033918.393:ERROR:process_reader_win.cc(123)] NtOpenThread: {拒絕存取} 程序已請求存取一物件，但未被授與存取權。 (0xc0000022)
[0217/033918.393:ERROR:exception_snapshot_win.cc(98)] thread ID 5892 not found in process
[0217/033918.483:ERROR:process_reader_win.cc(123)] NtOpenThread: {拒絕存取} 程序已請求存取一物件，但未被授與存取權。 (0xc0000022)
[0217/033918.485:ERROR:exception_snapshot_win.cc(98)] thread ID 19008 not found in process
[0217/033918.553:ERROR:process_reader_win.cc(151)] SuspendThread: 存取被拒。 (0x5)
[0217/033918.554:ERROR:process_reader_win.cc(151)] SuspendThread: 存取被拒。 (0x5)
[0217/033918.554:ERROR:process_reader_win.cc(151)] SuspendThread: 存取被拒。 (0x5)
[0217/033918.554:ERROR:process_reader_win.cc(151)] SuspendThread: 存取被拒。 (0x5)
[0217/033918.554:ERROR:process_reader_win.cc(123)] NtOpenThread: {拒絕存取} 程序已請求存取一物件，但未被授與存取權。 (0xc0000022)
[0217/033918.554:ERROR:exception_snapshot_win.cc(98)] thread ID 5840 not found in process
[0217/033918.601:ERROR:process_reader_win.cc(151)] SuspendThread: 存取被拒。 (0x5)
[0217/033918.602:ERROR:process_reader_win.cc(123)] NtOpenThread: {拒絕存取} 程序已請求存取一物件，但未被授與存取權。 (0xc0000022)
[0217/033918.603:ERROR:exception_snapshot_win.cc(98)] thread ID 17820 not found in process
[0217/033918.652:ERROR:process_reader_win.cc(151)] SuspendThread: 存取被拒。 (0x5)
[0217/033918.652:ERROR:process_reader_win.cc(151)] SuspendThread: 存取被拒。 (0x5)
[0217/033918.652:ERROR:process_reader_win.cc(151)] SuspendThread: 存取被拒。 (0x5)
[0217/033918.652:ERROR:process_reader_win.cc(151)] SuspendThread: 存取被拒。 (0x5)
[0217/033918.653:ERROR:process_reader_win.cc(123)] NtOpenThread: {拒絕存取} 程序已請求存取一物件，但未被授與存取權。 (0xc0000022)
[0217/033918.653:ERROR:exception_snapshot_win.cc(98)] thread ID 23400 not found in process
[0217/040212.283:ERROR:process_reader_win.cc(151)] SuspendThread: 存取被拒。 (0x5)
[0217/040212.285:ERROR:process_reader_win.cc(151)] SuspendThread: 存取被拒。 (0x5)
[0217/040212.285:ERROR:process_reader_win.cc(151)] SuspendThread: 存取被拒。 (0x5)
[0217/040212.285:ERROR:process_reader_win.cc(151)] SuspendThread: 存取被拒。 (0x5)
[0217/040212.285:ERROR:process_reader_win.cc(151)] SuspendThread: 存取被拒。 (0x5)
[0217/040212.285:ERROR:process_reader_win.cc(151)] SuspendThread: 存取被拒。 (0x5)
[0217/040212.285:ERROR:process_reader_win.cc(151)] SuspendThread: 存取被拒。 (0x5)
[0217/040212.285:ERROR:process_reader_win.cc(151)] SuspendThread: 存取被拒。 (0x5)
[0217/040212.285:ERROR:process_reader_win.cc(151)] SuspendThread: 存取被拒。 (0x5)
[0217/040212.285:ERROR:process_reader_win.cc(151)] SuspendThread: 存取被拒。 (0x5)
[0217/040212.286:ERROR:process_reader_win.cc(151)] SuspendThread: 存取被拒。 (0x5)
[0217/040212.286:ERROR:process_reader_win.cc(151)] SuspendThread: 存取被拒。 (0x5)
[0217/040212.284:ERROR:process_reader_win.cc(151)] SuspendThread: 存取被拒。 (0x5)
[0217/040212.286:ERROR:process_reader_win.cc(151)] SuspendThread: 存取被拒。 (0x5)
[0217/040212.286:ERROR:process_reader_win.cc(151)] SuspendThread: 存取被拒。 (0x5)
[0217/040212.286:ERROR:process_reader_win.cc(151)] SuspendThread: 存取被拒。 (0x5)
[0217/040212.286:ERROR:process_reader_win.cc(151)] SuspendThread: 存取被拒。 (0x5)
[0217/040212.286:ERROR:process_reader_win.cc(151)] SuspendThread: 存取被拒。 (0x5)
[0217/040212.286:ERROR:process_reader_win.cc(151)] SuspendThread: 存取被拒。 (0x5)
[0217/040212.286:ERROR:process_reader_win.cc(151)] SuspendThread: 存取被拒。 (0x5)
[0217/040212.286:ERROR:process_reader_win.cc(151)] SuspendThread: 存取被拒。 (0x5)
[0217/040212.286:ERROR:process_reader_win.cc(151)] SuspendThread: 存取被拒。 (0x5)
[0217/040212.286:ERROR:process_reader_win.cc(151)] SuspendThread: 存取被拒。 (0x5)
[0217/040212.286:ERROR:process_reader_win.cc(151)] SuspendThread: 存取被拒。 (0x5)
[0217/040212.287:ERROR:process_reader_win.cc(151)] SuspendThread: 存取被拒。 (0x5)
[0217/040212.287:ERROR:process_reader_win.cc(151)] SuspendThread: 存取被拒。 (0x5)
[0217/040212.287:ERROR:process_reader_win.cc(151)] SuspendThread: 存取被拒。 (0x5)
[0217/040212.287:ERROR:process_reader_win.cc(151)] SuspendThread: 存取被拒。 (0x5)
[0217/040212.287:ERROR:process_reader_win.cc(151)] SuspendThread: 存取被拒。 (0x5)
[0217/040212.287:ERROR:process_reader_win.cc(151)] SuspendThread: 存取被拒。 (0x5)
[0217/040212.287:ERROR:process_reader_win.cc(151)] SuspendThread: 存取被拒。 (0x5)
[0217/040212.287:ERROR:process_reader_win.cc(151)] SuspendThread: 存取被拒。 (0x5)
[0217/040212.287:ERROR:process_reader_win.cc(151)] SuspendThread: 存取被拒。 (0x5)
[0217/040212.286:ERROR:process_reader_win.cc(123)] NtOpenThread: {拒絕存取} 程序已請求存取一物件，但未被授與存取權。 (0xc0000022)
[0217/040212.287:ERROR:exception_snapshot_win.cc(98)] thread ID 18396 not found in process
[0217/040212.287:ERROR:process_reader_win.cc(123)] NtOpenThread: {拒絕存取} 程序已請求存取一物件，但未被授與存取權。 (0xc0000022)
[0217/040212.289:ERROR:exception_snapshot_win.cc(98)] thread ID 23676 not found in process
[0217/040212.317:ERROR:process_reader_win.cc(151)] SuspendThread: 存取被拒。 (0x5)
[0217/040212.317:ERROR:process_reader_win.cc(123)] NtOpenThread: {拒絕存取} 程序已請求存取一物件，但未被授與存取權。 (0xc0000022)
[0217/040212.317:ERROR:exception_snapshot_win.cc(98)] thread ID 3688 not found in process
[0217/040212.337:ERROR:process_reader_win.cc(151)] SuspendThread: 存取被拒。 (0x5)
[0217/040212.337:ERROR:process_reader_win.cc(151)] SuspendThread: 存取被拒。 (0x5)
[0217/040212.337:ERROR:process_reader_win.cc(151)] SuspendThread: 存取被拒。 (0x5)
[0217/040212.337:ERROR:process_reader_win.cc(151)] SuspendThread: 存取被拒。 (0x5)
[0217/040212.338:ERROR:process_reader_win.cc(151)] SuspendThread: 存取被拒。 (0x5)
[0217/040212.338:ERROR:process_reader_win.cc(151)] SuspendThread: 存取被拒。 (0x5)
[0217/040212.338:ERROR:process_reader_win.cc(151)] SuspendThread: 存取被拒。 (0x5)
[0217/040212.338:ERROR:process_reader_win.cc(151)] SuspendThread: 存取被拒。 (0x5)
[0217/040212.338:ERROR:process_reader_win.cc(151)] SuspendThread: 存取被拒。 (0x5)
[0217/040212.338:ERROR:process_reader_win.cc(151)] SuspendThread: 存取被拒。 (0x5)
[0217/040212.338:ERROR:process_reader_win.cc(151)] SuspendThread: 存取被拒。 (0x5)
[0217/040212.338:ERROR:process_reader_win.cc(151)] SuspendThread: 存取被拒。 (0x5)
[0217/040212.338:ERROR:process_reader_win.cc(151)] SuspendThread: 存取被拒。 (0x5)
[0217/040212.338:ERROR:process_reader_win.cc(151)] SuspendThread: 存取被拒。 (0x5)
[0217/040212.338:ERROR:process_reader_win.cc(151)] SuspendThread: 存取被拒。 (0x5)
[0217/040212.338:ERROR:process_reader_win.cc(151)] SuspendThread: 存取被拒。 (0x5)
[0217/040212.338:ERROR:process_reader_win.cc(151)] SuspendThread: 存取被拒。 (0x5)
[0217/040212.338:ERROR:process_reader_win.cc(151)] SuspendThread: 存取被拒。 (0x5)
[0217/040212.338:ERROR:process_reader_win.cc(151)] SuspendThread: 存取被拒。 (0x5)
[0217/040212.339:ERROR:process_reader_win.cc(151)] SuspendThread: 存取被拒。 (0x5)
[0217/040212.339:ERROR:process_reader_win.cc(151)] SuspendThread: 存取被拒。 (0x5)
[0217/040212.339:ERROR:process_reader_win.cc(123)] NtOpenThread: {拒絕存取} 程序已請求存取一物件，但未被授與存取權。 (0xc0000022)
[0217/040212.339:ERROR:process_reader_win.cc(151)] SuspendThread: 存取被拒。 (0x5)
[0217/040212.339:ERROR:exception_snapshot_win.cc(98)] thread ID 23784 not found in process
[0217/040212.339:ERROR:process_reader_win.cc(123)] NtOpenThread: {拒絕存取} 程序已請求存取一物件，但未被授與存取權。 (0xc0000022)
[0217/040212.339:ERROR:exception_snapshot_win.cc(98)] thread ID 2352 not found in process
[0217/040212.347:ERROR:process_reader_win.cc(151)] SuspendThread: 存取被拒。 (0x5)
[0217/040212.347:ERROR:process_reader_win.cc(123)] NtOpenThread: {拒絕存取} 程序已請求存取一物件，但未被授與存取權。 (0xc0000022)
[0217/040212.347:ERROR:exception_snapshot_win.cc(98)] thread ID 20288 not found in process
[0217/140616.527:ERROR:process_reader_win.cc(123)] NtOpenThread: {拒絕存取} 程序已請求存取一物件，但未被授與存取權。 (0xc0000022)
[0217/140616.530:ERROR:exception_snapshot_win.cc(98)] thread ID 21652 not found in process
[0217/140616.620:ERROR:process_reader_win.cc(123)] NtOpenThread: {拒絕存取} 程序已請求存取一物件，但未被授與存取權。 (0xc0000022)
[0217/140616.620:ERROR:exception_snapshot_win.cc(98)] thread ID 23296 not found in process
[0217/140919.174:ERROR:process_reader_win.cc(123)] NtOpenThread: {拒絕存取} 程序已請求存取一物件，但未被授與存取權。 (0xc0000022)
[0217/140919.176:ERROR:exception_snapshot_win.cc(98)] thread ID 14960 not found in process
[0217/140919.247:ERROR:process_reader_win.cc(123)] NtOpenThread: {拒絕存取} 程序已請求存取一物件，但未被授與存取權。 (0xc0000022)
[0217/140919.247:ERROR:exception_snapshot_win.cc(98)] thread ID 25260 not found in process
[0217/170457.823:ERROR:process_reader_win.cc(123)] NtOpenThread: {拒絕存取} 程序已請求存取一物件，但未被授與存取權。 (0xc0000022)
[0217/170457.827:ERROR:exception_snapshot_win.cc(98)] thread ID 22940 not found in process
[0217/170457.886:ERROR:process_reader_win.cc(123)] NtOpenThread: {拒絕存取} 程序已請求存取一物件，但未被授與存取權。 (0xc0000022)
[0217/170457.886:ERROR:exception_snapshot_win.cc(98)] thread ID 23740 not found in process
[0217/170458.004:ERROR:process_reader_win.cc(123)] NtOpenThread: {拒絕存取} 程序已請求存取一物件，但未被授與存取權。 (0xc0000022)
[0217/170458.005:ERROR:exception_snapshot_win.cc(98)] thread ID 27360 not found in process
[0217/170458.074:ERROR:process_reader_win.cc(123)] NtOpenThread: {拒絕存取} 程序已請求存取一物件，但未被授與存取權。 (0xc0000022)
[0217/170458.074:ERROR:exception_snapshot_win.cc(98)] thread ID 25548 not found in process
[0217/170458.175:ERROR:process_reader_win.cc(123)] NtOpenThread: {拒絕存取} 程序已請求存取一物件，但未被授與存取權。 (0xc0000022)
[0217/170458.176:ERROR:exception_snapshot_win.cc(98)] thread ID 16908 not found in process
[0217/170458.253:ERROR:process_reader_win.cc(123)] NtOpenThread: {拒絕存取} 程序已請求存取一物件，但未被授與存取權。 (0xc0000022)
[0217/170458.253:ERROR:exception_snapshot_win.cc(98)] thread ID 30516 not found in process
[0218/235446.755:ERROR:file_io.cc(89)] ReadExactly: expected 36, observed 0
